\BOOKMARK [0][]{titlepage.0}{\376\377\000S\000t\000r\000o\000n\000a\000\040\000t\000y\000t\000u\001\102\000o\000w\000a}{}% 1
\BOOKMARK [0][]{tableofcontents.0}{\376\377\000S\000p\000i\000s\000\040\000t\000r\000e\001\133\000c\000i}{}% 2
\BOOKMARK [0][]{section*.1}{\376\377\000W\000s\000t\001\031\000p}{}% 3
\BOOKMARK [0][]{chapter.1}{\376\377\000I\000n\000f\000l\000a\000c\000j\000a}{}% 4
\BOOKMARK [1][-]{section.1.1}{\376\377\000R\000y\000n\000e\000k\000\040\000i\000n\000f\000l\000a\000c\000j\000i}{chapter.1}% 5
\BOOKMARK [1][-]{section.1.2}{\376\377\000R\000y\000s\000\040\000h\000i\000s\000t\000o\000r\000y\000c\000z\000n\000y}{chapter.1}% 6
\BOOKMARK [1][-]{section.1.3}{\376\377\000U\000c\000z\000e\000s\000t\000n\000i\000c\000y\000\040\000r\000y\000n\000k\000u}{chapter.1}% 7
\BOOKMARK [1][-]{section.1.4}{\376\377\000Z\000a\000r\000z\001\005\000d\000z\000a\000n\000i\000e\000\040\000r\000y\000z\000y\000k\000i\000e\000m}{chapter.1}% 8
\BOOKMARK [0][]{chapter.2}{\376\377\000M\000o\000d\000e\000l\000o\000w\000a\000n\000i\000e\000\040\000i\000n\000f\000l\000a\000c\000j\000i}{}% 9
\BOOKMARK [1][-]{section.2.1}{\376\377\000I\000n\000d\000e\000k\000s\000a\000c\000j\000a}{chapter.2}% 10
\BOOKMARK [1][-]{section.2.2}{\376\377\000S\000t\000o\000p\000a\000\040\000n\000o\000m\000i\000n\000a\000l\000n\000a\000,\000\040\000r\000z\000e\000c\000z\000y\000w\000i\000s\000t\000a\000\040\000i\000\040\000i\000n\000f\000l\000a\000c\000j\000a}{chapter.2}% 11
\BOOKMARK [1][-]{section.2.3}{\376\377\000W\000s\000k\000a\001\172\000n\000i\000k\000\040\000c\000e\000n\000\040\000k\000o\000n\000s\000u\000m\000p\000c\000y\000j\000n\000y\000c\000h}{chapter.2}% 12
\BOOKMARK [1][-]{section.2.4}{\376\377\000K\000o\000n\000w\000e\000n\000c\000j\000a\000\040\000i\000n\000d\000e\000k\000s\000o\000w\000a\000n\000i\000a}{chapter.2}% 13
\BOOKMARK [1][-]{section.2.5}{\376\377\000I\000n\000t\000e\000r\000p\000o\000l\000a\000c\000j\000a\000\040\000i\000n\000d\000e\000k\000s\000u}{chapter.2}% 14
\BOOKMARK [1][-]{section.2.6}{\376\377\000N\000o\000t\000a\000c\000j\000a\000\040\000i\000n\000d\000e\000k\000s\000u}{chapter.2}% 15
\BOOKMARK [1][-]{section.2.7}{\376\377\000D\000e\000t\000a\000l\000e\000\040\000t\000e\000c\000h\000n\000i\000c\000z\000n\000e}{chapter.2}% 16
\BOOKMARK [2][-]{subsection.2.7.1}{\376\377\000K\000r\000z\000y\000w\000a\000\040\000t\000e\000r\000m\000i\000n\000o\000w\000a}{section.2.7}% 17
\BOOKMARK [2][-]{subsection.2.7.2}{\376\377\000S\000e\000z\000o\000n\000o\000w\000o\001\133\001\007}{section.2.7}% 18
\BOOKMARK [0][]{chapter.3}{\376\377\000P\000o\000d\000s\000t\000a\000w\000y\000\040\000m\000a\000t\000e\000m\000a\000t\000y\000k\000i\000\040\000f\000i\000n\000a\000n\000s\000o\000w\000e\000j}{}% 19
\BOOKMARK [1][-]{section.3.1}{\376\377\000R\000a\000c\000h\000u\000n\000e\000k\000\040\000b\000a\000n\000k\000o\000w\000y\000,\000\040\000o\000b\000l\000i\000g\000a\000c\000j\000a\000\040\000z\000e\000r\000o\000k\000u\000p\000o\000n\000o\000w\000a\000,\000\040\000k\000o\000n\000t\000r\000a\000k\000t\000\040\000s\000w\000a\000p\000o\000w\000y}{chapter.3}% 20
\BOOKMARK [1][-]{section.3.2}{\376\377\000T\000w\000i\000e\000r\000d\000z\000e\000n\000i\000e\000\040\000G\000i\000r\000s\000a\000n\000o\000w\000a\000\040\000i\000\040\000z\000a\000m\000i\000a\000n\000a\000\040\000m\000i\000a\000r\000y}{chapter.3}% 21
\BOOKMARK [1][-]{section.3.3}{\376\377\000Z\000m\000i\000a\000n\000a\000\040\000n\000u\000m\000\351\000r\000a\000i\000r\000e}{chapter.3}% 22
\BOOKMARK [1][-]{section.3.4}{\376\377\000Z\000m\000i\000a\000n\000a\000\040\000n\000u\000m\000e\000r\000a\000i\000r\000'\000a\000\040\000w\000\040\000m\000o\000d\000e\000l\000u\000\040\000r\000y\000n\000k\000u\000\040\000z\000a\000g\000r\000a\000n\000i\000c\000z\000n\000e\000g\000o}{chapter.3}% 23
\BOOKMARK [0][]{chapter.4}{\376\377\000P\000r\000z\000e\000g\000l\001\005\000d\000\040\000i\000n\000s\000t\000r\000u\000m\000e\000n\000t\000\363\000w\000\040\000f\000i\000n\000a\000n\000s\000o\000w\000y\000c\000h\000\040\000p\000o\000w\000i\001\005\000z\000a\000n\000y\000c\000h\000\040\000z\000\040\000i\000n\000f\000l\000a\000c\000j\001\005}{}% 24
\BOOKMARK [1][-]{section.4.1}{\376\377\000O\000b\000l\000i\000g\000a\000c\000j\000a\000\040\000i\000n\000d\000e\000k\000s\000o\000w\000a\000n\000a\000\040\000i\000n\000f\000l\000a\000c\000j\001\005}{chapter.4}% 25
\BOOKMARK [1][-]{section.4.2}{\376\377\000S\000w\000a\000p\000\040\000i\000n\000f\000l\000a\000c\000y\000j\000n\000y}{chapter.4}% 26
\BOOKMARK [2][-]{subsection.4.2.1}{\376\377\000Z\000e\000r\000o\000k\000u\000p\000o\000n\000o\000w\000y\000\040\000s\000w\000a\000p\000\040\000i\000n\000d\000e\000k\000s\000o\000w\000a\000n\000y\000\040\000d\000o\000\040\000i\000n\000f\000l\000a\000c\000j\000i}{section.4.2}% 27
\BOOKMARK [2][-]{subsection.4.2.2}{\376\377\000K\000o\000n\000t\000r\000a\000k\000t\000\040\000Y\000e\000a\000r\000-\000o\000n\000-\000Y\000e\000a\000r\000\040\000i\000n\000d\000e\000k\000s\000o\000w\000a\000n\000y\000\040\000d\000o\000\040\000i\000n\000f\000l\000a\000c\000j\000i\000\040}{section.4.2}% 28
\BOOKMARK [1][-]{section.4.3}{\376\377\000O\000p\000c\000j\000e\000\040\000i\000n\000f\000l\000a\000c\000y\000j\000n\000e}{chapter.4}% 29
\BOOKMARK [1][-]{section.4.4}{\376\377\000O\000b\000l\000i\000g\000a\000c\000j\000a\000\040\000t\000r\000a\000d\000y\000c\000y\000j\000n\000a\000\040\000k\000o\000n\000t\000r\000a\000\040\000o\000b\000l\000i\000g\000a\000c\000j\000a\000\040\000i\000n\000f\000l\000a\000c\000y\000j\000n\000a}{chapter.4}% 30
\BOOKMARK [0][]{chapter.5}{\376\377\000M\000o\000d\000e\000l\000e\000\040\000r\000y\000n\000k\000o\000w\000e}{}% 31
\BOOKMARK [1][-]{section.5.1}{\376\377\000M\000o\000d\000e\000l\000\040\000J\000a\000r\000r\000o\000w\000a\000\040\000i\000\040\000Y\000i\000l\000d\000i\000r\000i\000m\000a}{chapter.5}% 32
\BOOKMARK [1][-]{section.5.2}{\376\377\000U\000o\000g\000\363\000l\000n\000i\000o\000n\000y\000\040\000m\000o\000d\000e\000l\000\040\000V\000a\000s\000i\000c\000k\000a}{chapter.5}% 33
\BOOKMARK [2][-]{subsection.5.2.1}{\376\377\000R\000z\000e\000c\000z\000y\000w\000i\000s\000t\000a\000\040\000i\000\040\000n\000o\000m\000i\000n\000a\000l\000n\000a\000\040\000s\000t\000r\000u\000k\000t\000u\000r\000a\000\040\000t\000e\000r\000m\000i\000n\000o\000w\000a\000\040\000w\000\040\000u\000o\000g\000\363\000l\000n\000i\000o\000n\000y\000m\000\040\000m\000o\000d\000e\000l\000u\000\040\000V\000a\000s\000i\000c\000k\000a}{section.5.2}% 34
\BOOKMARK [1][-]{section.5.3}{\376\377\000P\000r\000z\000e\000g\000l\001\005\000d\000\040\000p\000o\000z\000o\000s\000t\000a\001\102\000y\000c\000h\000\040\000p\000o\000d\000e\000j\001\133\001\007\000\040\000d\000o\000\040\000m\000o\000d\000e\000l\000o\000w\000a\000n\000i\000a\000\040\000i\000n\000f\000l\000a\000c\000j\000i}{chapter.5}% 35
\BOOKMARK [2][-]{subsection.5.3.1}{\376\377\000M\000o\000d\000e\000l\000e\000\040\000r\000y\000n\000k\000u\000\040\000M\000e\000r\000c\000u\000r\000i\000a}{section.5.3}% 36
\BOOKMARK [2][-]{subsection.5.3.2}{\376\377\000M\000o\000d\000e\000l\000\040\000B\000e\000l\000d\000g\000r\000a\000d\000e\000-\000B\000e\000n\000h\000a\000m\000o\000u\000-\000K\000o\000e\000h\000l\000a\000r\000\040\000M\000a\000r\000k\000e\000t}{section.5.3}% 37
\BOOKMARK [0][]{chapter.6}{\376\377\000W\000y\000c\000e\000n\000a\000\040\000w\000\040\000m\000o\000d\000e\000l\000u\000\040\000J\000a\000r\000r\000o\000w\000a\000\040\000i\000\040\000Y\000i\000e\000l\000d\000i\000r\000i\000m\000a}{}% 38
\BOOKMARK [1][-]{section.6.1}{\376\377\000W\000y\000c\000e\000n\000a\000\040\000z\000e\000r\000o\000k\000u\000p\000o\000n\000o\000w\000e\000g\000o\000\040\000s\000w\000a\000p\000a\000\040\000i\000n\000d\000e\000k\000s\000o\000w\000a\000n\000e\000g\000o\000\040\000d\000o\000\040\000i\000n\000f\000l\000a\000c\000j\000i}{chapter.6}% 39
\BOOKMARK [1][-]{section.6.2}{\376\377\000W\000y\000c\000e\000n\000a\000\040\000s\000w\000a\000p\000a\000\040\000Y\000e\000a\000r\000-\000o\000n\000-\000Y\000e\000a\000r\000\040\000i\000n\000d\000e\000k\000s\000o\000w\000a\000n\000e\000g\000o\000\040\000d\000o\000\040\000i\000n\000f\000l\000a\000c\000j\000i}{chapter.6}% 40
\BOOKMARK [1][-]{section.6.3}{\376\377\000W\000y\000c\000e\000n\000a\000\040\000s\000w\000a\000p\000a\000\040\000Y\000e\000a\000r\000-\000o\000n\000-\000Y\000e\000a\000r\000\040\000I\000n\000f\000l\000a\000t\000i\000o\000n\000\040\000S\000w\000a\000p\000\040\000w\000\040\000m\000o\000d\000e\000l\000u\000\040\000J\000a\000r\000r\000o\000w\000a\000\040\000i\000\040\000Y\000i\000e\000l\000d\000i\000r\000i\000m\000a}{chapter.6}% 41
\BOOKMARK [2][-]{subsection.6.3.1}{\376\377\000O\000p\000c\000j\000a\000\040\000i\000n\000f\000l\000a\000c\000y\000j\000n\000a\000\040\000C\000a\000p\000/\000F\000l\000o\000o\000r}{section.6.3}% 42
\BOOKMARK [1][-]{section.6.4}{\376\377\000N\000o\000m\000i\000n\000a\000l\000n\000a\000\040\000i\000\040\000r\000z\000e\000c\000z\000y\000w\000i\000s\000t\000a\000\040\000s\000t\000r\000u\000k\000t\000u\000r\000a\000\040\000t\000e\000r\000m\000i\000n\000o\000w\000a}{chapter.6}% 43
\BOOKMARK [0][]{section*.13}{\376\377\000P\000o\000d\000s\000u\000m\000o\000w\000a\000n\000i\000e}{}% 44
\BOOKMARK [0][]{section*.14}{\376\377\000L\000i\000t\000e\000r\000a\000t\000u\000r\000a}{}% 45
